<?xml version="1.0" encoding="UTF-8"?>
<testng-results ignored="0" total="2" passed="2" failed="0" skipped="0">
  <reporter-output>
  </reporter-output>
  <suite started-at="2022-05-13T12:31:22 IST" name="Default suite" finished-at="2022-05-13T12:31:33 IST" duration-ms="10879">
    <groups>
    </groups>
    <test started-at="2022-05-13T12:31:22 IST" name="Default test" finished-at="2022-05-13T12:31:33 IST" duration-ms="10879">
      <class name="com.simplilearn.demo.AssertionDemo">
        <test-method is-config="true" signature="beforeMethod()[pri:0, instance:com.simplilearn.demo.AssertionDemo@42e99e4a]" started-at="2022-05-13T12:31:22 IST" name="beforeMethod" finished-at="2022-05-13T12:31:27 IST" duration-ms="4330" status="PASS">
          <reporter-output>
          </reporter-output>
        </test-method> <!-- beforeMethod -->
        <test-method signature="login()[pri:0, instance:com.simplilearn.demo.AssertionDemo@42e99e4a]" started-at="2022-05-13T12:31:27 IST" name="login" finished-at="2022-05-13T12:31:29 IST" duration-ms="2413" status="PASS">
          <reporter-output>
          </reporter-output>
        </test-method> <!-- login -->
        <test-method is-config="true" signature="beforeMethod()[pri:0, instance:com.simplilearn.demo.AssertionDemo@42e99e4a]" started-at="2022-05-13T12:31:29 IST" name="beforeMethod" finished-at="2022-05-13T12:31:31 IST" duration-ms="2103" status="PASS">
          <reporter-output>
          </reporter-output>
        </test-method> <!-- beforeMethod -->
        <test-method signature="tittleTest()[pri:0, instance:com.simplilearn.demo.AssertionDemo@42e99e4a]" started-at="2022-05-13T12:31:31 IST" name="tittleTest" finished-at="2022-05-13T12:31:33 IST" duration-ms="1959" status="PASS">
          <reporter-output>
          </reporter-output>
        </test-method> <!-- tittleTest -->
      </class> <!-- com.simplilearn.demo.AssertionDemo -->
    </test> <!-- Default test -->
  </suite> <!-- Default suite -->
</testng-results>
