<?xml version="1.0" encoding="UTF-8"?>
<testng-results ignored="0" total="1" passed="1" failed="0" skipped="0">
  <reporter-output>
  </reporter-output>
  <suite started-at="2022-05-13T11:41:31 IST" name="Default suite" finished-at="2022-05-13T11:41:45 IST" duration-ms="14065">
    <groups>
    </groups>
    <test started-at="2022-05-13T11:41:31 IST" name="Default test" finished-at="2022-05-13T11:41:45 IST" duration-ms="14065">
      <class name="com.simplilearn.demo.Facebook">
        <test-method is-config="true" signature="beforeMethod()[pri:0, instance:com.simplilearn.demo.Facebook@6973b51b]" started-at="2022-05-13T11:41:31 IST" name="beforeMethod" finished-at="2022-05-13T11:41:44 IST" duration-ms="13615" status="PASS">
          <reporter-output>
          </reporter-output>
        </test-method> <!-- beforeMethod -->
        <test-method signature="welcome()[pri:0, instance:com.simplilearn.demo.Facebook@6973b51b]" started-at="2022-05-13T11:41:44 IST" name="welcome" finished-at="2022-05-13T11:41:44 IST" duration-ms="8" status="PASS">
          <reporter-output>
          </reporter-output>
        </test-method> <!-- welcome -->
        <test-method is-config="true" signature="afterMethod()[pri:0, instance:com.simplilearn.demo.Facebook@6973b51b]" started-at="2022-05-13T11:41:44 IST" name="afterMethod" finished-at="2022-05-13T11:41:45 IST" duration-ms="348" status="PASS">
          <reporter-output>
          </reporter-output>
        </test-method> <!-- afterMethod -->
      </class> <!-- com.simplilearn.demo.Facebook -->
    </test> <!-- Default test -->
  </suite> <!-- Default suite -->
</testng-results>
